c:\users\shashank\desktop\embedded notes\coursera assignments\capstone project\project\debug\vc142.pdb
c:\users\shashank\desktop\embedded notes\coursera assignments\capstone project\project\debug\vc142.idb
c:\users\shashank\desktop\embedded notes\coursera assignments\capstone project\project\debug\event_groups.obj
c:\users\shashank\desktop\embedded notes\coursera assignments\capstone project\project\debug\heap_5.obj
c:\users\shashank\desktop\embedded notes\coursera assignments\capstone project\project\debug\list.obj
c:\users\shashank\desktop\embedded notes\coursera assignments\capstone project\project\debug\port.obj
c:\users\shashank\desktop\embedded notes\coursera assignments\capstone project\project\debug\queue.obj
c:\users\shashank\desktop\embedded notes\coursera assignments\capstone project\project\debug\stream_buffer.obj
c:\users\shashank\desktop\embedded notes\coursera assignments\capstone project\project\debug\tasks.obj
c:\users\shashank\desktop\embedded notes\coursera assignments\capstone project\project\debug\timers.obj
c:\users\shashank\desktop\embedded notes\coursera assignments\capstone project\project\debug\bufferallocation_2.obj
c:\users\shashank\desktop\embedded notes\coursera assignments\capstone project\project\debug\demo_logging.obj
c:\users\shashank\desktop\embedded notes\coursera assignments\capstone project\project\debug\freertos_arp.obj
c:\users\shashank\desktop\embedded notes\coursera assignments\capstone project\project\debug\freertos_dhcp.obj
c:\users\shashank\desktop\embedded notes\coursera assignments\capstone project\project\debug\freertos_dns.obj
c:\users\shashank\desktop\embedded notes\coursera assignments\capstone project\project\debug\freertos_ip.obj
c:\users\shashank\desktop\embedded notes\coursera assignments\capstone project\project\debug\freertos_sockets.obj
c:\users\shashank\desktop\embedded notes\coursera assignments\capstone project\project\debug\freertos_stream_buffer.obj
c:\users\shashank\desktop\embedded notes\coursera assignments\capstone project\project\debug\freertos_tcp_ip.obj
c:\users\shashank\desktop\embedded notes\coursera assignments\capstone project\project\debug\freertos_tcp_win.obj
c:\users\shashank\desktop\embedded notes\coursera assignments\capstone project\project\debug\freertos_udp_ip.obj
c:\users\shashank\desktop\embedded notes\coursera assignments\capstone project\project\debug\networkinterface.obj
c:\users\shashank\desktop\embedded notes\coursera assignments\capstone project\project\debug\tcp_server.obj
c:\users\shashank\desktop\embedded notes\coursera assignments\capstone project\project\debug\_canny_.obj
c:\users\shashank\desktop\embedded notes\coursera assignments\capstone project\project\debug\_rsa_.obj
c:\users\shashank\desktop\embedded notes\coursera assignments\capstone project\project\debug\main.obj
c:\users\shashank\desktop\embedded notes\coursera assignments\capstone project\project\debug\croutine.obj
c:\users\shashank\desktop\embedded notes\coursera assignments\capstone project\project\debug\tcp_client.obj
c:\users\shashank\desktop\embedded notes\coursera assignments\capstone project\project\debug\runway_detection.exe
c:\users\shashank\desktop\embedded notes\coursera assignments\capstone project\project\debug\runway_detection.ilk
c:\users\shashank\desktop\embedded notes\coursera assignments\capstone project\project\debug\win32.pdb
c:\users\shashank\desktop\embedded notes\coursera assignments\capstone project\project\debug\runway_detection.tlog\cl.command.1.tlog
c:\users\shashank\desktop\embedded notes\coursera assignments\capstone project\project\debug\runway_detection.tlog\cl.read.1.tlog
c:\users\shashank\desktop\embedded notes\coursera assignments\capstone project\project\debug\runway_detection.tlog\cl.write.1.tlog
c:\users\shashank\desktop\embedded notes\coursera assignments\capstone project\project\debug\runway_detection.tlog\link.command.1.tlog
c:\users\shashank\desktop\embedded notes\coursera assignments\capstone project\project\debug\runway_detection.tlog\link.read.1.tlog
c:\users\shashank\desktop\embedded notes\coursera assignments\capstone project\project\debug\runway_detection.tlog\link.write.1.tlog
