cl : command line warning D9035: option 'Gm' has been deprecated and will be removed in a future release
cl : command line warning D9002: ignoring unknown option '/wc4574'
  main.c
C:\Program Files (x86)\Windows Kits\10\Include\10.0.18362.0\um\Windows.h(254,17): warning C5031: #pragma warning(pop): likely mismatch, popping warning state pushed in different file
C:\Program Files (x86)\Windows Kits\10\Include\10.0.18362.0\um\winioctl.h(161,17): message : #pragma warning(push)
E:\Code\Repositories\Embedded Notes\Coursera Assignments\Capstone Project\Project\main.c(144,14): warning C4013: 'vLoggingInit' undefined; assuming extern returning int
E:\Code\Repositories\Embedded Notes\Coursera Assignments\Capstone Project\Project\main.c(147,6): warning C4013: 'time' undefined; assuming extern returning int
E:\Code\Repositories\Embedded Notes\Coursera Assignments\Capstone Project\Project\main.c(192,38): warning C4028: formal parameter 1 different from declaration
E:\Code\Repositories\Embedded Notes\Coursera Assignments\Capstone Project\Project\main.c(192,38): warning C4047: 'function': 'TaskFunction_t' differs in levels of indirection from 'Socket_t (__cdecl *)(void)'
E:\Code\Repositories\Embedded Notes\Coursera Assignments\Capstone Project\Project\main.c(192,38): warning C4024: 'xTaskCreate': different types for formal and actual parameter 1
E:\Code\Repositories\Embedded Notes\Coursera Assignments\Capstone Project\Project\main.c(202,26): warning C4113: 'void (__cdecl *)()' differs in parameter lists from 'TaskFunction_t'
E:\Code\Repositories\Embedded Notes\Coursera Assignments\Capstone Project\Project\main.c(203,28): warning C4113: 'void (__cdecl *)()' differs in parameter lists from 'TaskFunction_t'
E:\Code\Repositories\Embedded Notes\Coursera Assignments\Capstone Project\Project\main.c(204,23): warning C4028: formal parameter 1 different from declaration
E:\Code\Repositories\Embedded Notes\Coursera Assignments\Capstone Project\Project\main.c(215,1): warning C4090: 'initializing': different 'const' qualifiers
E:\Code\Repositories\Embedded Notes\Coursera Assignments\Capstone Project\Project\main.c(237,1): warning C4090: 'initializing': different 'const' qualifiers
E:\Code\Repositories\Embedded Notes\Coursera Assignments\Capstone Project\Project\main.c(263,9): warning C4777: 'printf' : format string '%lu' requires an argument of type 'unsigned long', but variadic argument 1 has type 'int'
E:\Code\Repositories\Embedded Notes\Coursera Assignments\Capstone Project\Project\main.c(263,9): message : consider using '%u' in the format string
E:\Code\Repositories\Embedded Notes\Coursera Assignments\Capstone Project\Project\main.c(263,9): message : consider using '%Iu' in the format string
E:\Code\Repositories\Embedded Notes\Coursera Assignments\Capstone Project\Project\main.c(263,9): message : consider using '%I32u' in the format string
E:\Code\Repositories\Embedded Notes\Coursera Assignments\Capstone Project\Project\main.c(260,1): warning C4090: 'initializing': different 'const' qualifiers
E:\Code\Repositories\Embedded Notes\Coursera Assignments\Capstone Project\Project\main.c(347,31): warning C4028: formal parameter 1 different from declaration
E:\Code\Repositories\Embedded Notes\Coursera Assignments\Capstone Project\Project\main.c(366,9): warning C4777: 'printf' : format string '%d' requires an argument of type 'int', but variadic argument 1 has type 'unsigned long'
E:\Code\Repositories\Embedded Notes\Coursera Assignments\Capstone Project\Project\main.c(366,9): message : consider using '%ld' in the format string
C:\Program Files (x86)\Windows Kits\10\Include\10.0.18362.0\um\Windows.h(161,17): warning C5032: detected #pragma warning(push) with no corresponding #pragma warning(pop)
E:\Code\Repositories\Embedded Notes\Coursera Assignments\Capstone Project\Project\main.c(283): warning C4702: unreachable code
  WIN32.vcxproj -> E:\Code\Repositories\Embedded Notes\Coursera Assignments\Capstone Project\Project\.\Debug\Runway_Detection.exe
